<?xml version="1.0" encoding="UTF-8"?>
<!-- Generated by org.testng.reporters.JUnitXMLReporter -->
<testsuite ignored="0" hostname="LAPTOP-7JRM91AM" failures="0" tests="5" name="SmokeTest" time="48.905" errors="0" timestamp="2022-11-07T10:41:40 MEZ">
  <testcase classname="com.telran.tests.forms.PracticeFormsTest" name="fillStudentRegistrationFormTest" time="5.292"/>
  <testcase classname="com.telran.tests.forms.PracticeFormsTest" name="fillStudentRegistrationFormTestWithCsv" time="4.709"/>
  <testcase classname="com.telran.tests.forms.PracticeFormsTest" name="fillStudentRegistrationFormTestWithCsv" time="4.965"/>
  <testcase classname="com.telran.tests.forms.PracticeFormsTest" name="fillStudentRegistrationFormTestWithDataProvider" time="5.648"/>
  <testcase classname="com.telran.tests.forms.PracticeFormsTest" name="fillStudentRegistrationFormTestWithDataProvider" time="5.412"/>
</testsuite> <!-- SmokeTest -->
