<?xml version="1.0" encoding="UTF-8"?>
<testsuite xmlns:xsi="http://www.w3.org/2001/XMLSchema-instance" xsi:noNamespaceSchemaLocation="https://maven.apache.org/surefire/maven-surefire-plugin/xsd/surefire-test-report.xsd" name="TestSuite" time="50.202" tests="5" errors="0" skipped="0" failures="0">
  <properties>
[...]
</properties>
  <testcase name="fillStudentRegistrationFormTest" classname="com.telran.tests.forms.PracticeFormsTest" time="5.292"/>
  <testcase name="fillStudentRegistrationFormTestWithCsv" classname="com.telran.tests.forms.PracticeFormsTest" time="4.711"/>
  <testcase name="fillStudentRegistrationFormTestWithCsv" classname="com.telran.tests.forms.PracticeFormsTest" time="4.962"/>
  <testcase name="fillStudentRegistrationFormTestWithDataProvider" classname="com.telran.tests.forms.PracticeFormsTest" time="5.649"/>
  <testcase name="fillStudentRegistrationFormTestWithDataProvider" classname="com.telran.tests.forms.PracticeFormsTest" time="5.413"/>
</testsuite>