<?xml version="1.0" encoding="UTF-8"?>
<testng-results ignored="1" total="2" passed="1" failed="0" skipped="0">
  <reporter-output>
  </reporter-output>
  <suite started-at="2022-11-07T11:28:17 MEZ" name="User" finished-at="2022-11-07T11:28:26 MEZ" duration-ms="8794">
    <groups>
    </groups>
    <test started-at="2022-11-07T11:28:17 MEZ" name="UserTest" finished-at="2022-11-07T11:28:26 MEZ" duration-ms="8794">
      <class name="com.telran.tests.bookStore.LoginPageTest">
        <test-method is-config="true" signature="init()[pri:0, instance:com.telran.tests.bookStore.LoginPageTest@4fa1c212]" started-at="2022-11-07T11:28:17 MEZ" name="init" finished-at="2022-11-07T11:28:23 MEZ" duration-ms="6098" status="PASS">
          <reporter-output>
          </reporter-output>
        </test-method> <!-- init -->
        <test-method is-config="true" signature="startTest(java.lang.reflect.Method, [Ljava.lang.Object;)[pri:0, instance:com.telran.tests.bookStore.LoginPageTest@4fa1c212]" started-at="2022-11-07T11:28:23 MEZ" name="startTest" finished-at="2022-11-07T11:28:23 MEZ" duration-ms="6" status="PASS">
          <params>
            <param index="0">
              <value>
                <![CDATA[public void com.telran.tests.bookStore.LoginPageTest.loginPositiveParametersTest(java.lang.String,java.lang.String)]]>
              </value>
            </param>
            <param index="1">
              <value>
                <![CDATA[[Ljava.lang.Object;@2ca6546f]]>
              </value>
            </param>
          </params>
          <reporter-output>
          </reporter-output>
        </test-method> <!-- startTest -->
        <test-method is-config="true" signature="ensurePrecondition()[pri:0, instance:com.telran.tests.bookStore.LoginPageTest@4fa1c212]" started-at="2022-11-07T11:28:23 MEZ" name="ensurePrecondition" finished-at="2022-11-07T11:28:24 MEZ" duration-ms="877" status="PASS">
          <reporter-output>
          </reporter-output>
        </test-method> <!-- ensurePrecondition -->
        <test-method signature="loginPositiveParametersTest(java.lang.String, java.lang.String)[pri:0, instance:com.telran.tests.bookStore.LoginPageTest@4fa1c212]" started-at="2022-11-07T11:28:24 MEZ" name="loginPositiveParametersTest" finished-at="2022-11-07T11:28:25 MEZ" duration-ms="1477" status="PASS">
          <params>
            <param index="0">
              <value>
                <![CDATA[Testovic]]>
              </value>
            </param>
            <param index="1">
              <value>
                <![CDATA[!q2w3e4R]]>
              </value>
            </param>
          </params>
          <reporter-output>
          </reporter-output>
        </test-method> <!-- loginPositiveParametersTest -->
        <test-method is-config="true" signature="stopTest(org.testng.ITestResult)[pri:0, instance:com.telran.tests.bookStore.LoginPageTest@4fa1c212]" started-at="2022-11-07T11:28:25 MEZ" name="stopTest" finished-at="2022-11-07T11:28:25 MEZ" duration-ms="0" status="PASS">
          <params>
            <param index="0">
              <value>
                <![CDATA[[TestResult name=loginPositiveParametersTest status=SUCCESS method=LoginPageTest.loginPositiveParametersTest(java.lang.String, java.lang.String)[pri:0, instance:com.telran.tests.bookStore.LoginPageTest@4fa1c212] output={null}]]]>
              </value>
            </param>
          </params>
          <reporter-output>
          </reporter-output>
        </test-method> <!-- stopTest -->
        <test-method is-config="true" signature="tearDown()[pri:0, instance:com.telran.tests.bookStore.LoginPageTest@4fa1c212]" started-at="2022-11-07T11:28:25 MEZ" name="tearDown" finished-at="2022-11-07T11:28:26 MEZ" duration-ms="299" status="PASS">
          <reporter-output>
          </reporter-output>
        </test-method> <!-- tearDown -->
      </class> <!-- com.telran.tests.bookStore.LoginPageTest -->
    </test> <!-- UserTest -->
  </suite> <!-- User -->
</testng-results>
