<?xml version="1.0" encoding="UTF-8"?>
<!-- Generated by org.testng.reporters.JUnitXMLReporter -->
<testsuite ignored="1" hostname="LAPTOP-7JRM91AM" failures="0" tests="1" name="UserTest" time="8.794" errors="0" timestamp="2022-11-07T11:28:26 MEZ">
  <testcase classname="com.telran.tests.bookStore.LoginPageTest" name="loginPositiveParametersTest" time="1.477"/>
  <testcase classname="com.telran.tests.bookStore.LoginPageTest" name="loginPositiveTest" time="0.0">
    <ignored/>
  </testcase> <!-- loginPositiveTest -->
</testsuite> <!-- UserTest -->
